[2020-09-22 15:59:35] ERROR org.springframework.boot.SpringApplication 837 reportFailure - Application run failed org.springframework.beans.factory.UnsatisfiedDependencyException: Error creating bean with name 'resourceRunner': Unsatisfied dependency expressed through field 'cronSchedulerJob'; nested exception is org.springframework.beans.factory.UnsatisfiedDependencyException: Error creating bean with name 'cronSchedulerJob': Unsatisfied dependency expressed through field 'schedulerFactoryBean'; nested exception is org.springframework.beans.factory.BeanCreationException: Error creating bean with name 'schedulerFactoryBean' defined in class path resource [com/bocang/task/config/QuartzConfig.class]: Invocation of init method failed; nested exception is org.quartz.SchedulerConfigException: DataSource name not set.
	at org.springframework.beans.factory.annotation.AutowiredAnnotationBeanPostProcessor$AutowiredFieldElement.inject(AutowiredAnnotationBeanPostProcessor.java:643) ~[spring-beans-5.2.9.RELEASE.jar:5.2.9.RELEASE]
	at org.springframework.beans.factory.annotation.InjectionMetadata.inject(InjectionMetadata.java:130) ~[spring-beans-5.2.9.RELEASE.jar:5.2.9.RELEASE]
	at org.springframework.beans.factory.annotation.AutowiredAnnotationBeanPostProcessor.postProcessProperties(AutowiredAnnotationBeanPostProcessor.java:399) ~[spring-beans-5.2.9.RELEASE.jar:5.2.9.RELEASE]
	at org.springframework.beans.factory.support.AbstractAutowireCapableBeanFactory.populateBean(AbstractAutowireCapableBeanFactory.java:1420) ~[spring-beans-5.2.9.RELEASE.jar:5.2.9.RELEASE]
	at org.springframework.beans.factory.support.AbstractAutowireCapableBeanFactory.doCreateBean(AbstractAutowireCapableBeanFactory.java:593) ~[spring-beans-5.2.9.RELEASE.jar:5.2.9.RELEASE]
	at org.springframework.beans.factory.support.AbstractAutowireCapableBeanFactory.createBean(AbstractAutowireCapableBeanFactory.java:516) ~[spring-beans-5.2.9.RELEASE.jar:5.2.9.RELEASE]
	at org.springframework.beans.factory.support.AbstractBeanFactory.lambda$doGetBean$0(AbstractBeanFactory.java:324) ~[spring-beans-5.2.9.RELEASE.jar:5.2.9.RELEASE]
	at org.springframework.beans.factory.support.DefaultSingletonBeanRegistry.getSingleton(DefaultSingletonBeanRegistry.java:234) ~[spring-beans-5.2.9.RELEASE.jar:5.2.9.RELEASE]
	at org.springframework.beans.factory.support.AbstractBeanFactory.doGetBean(AbstractBeanFactory.java:322) ~[spring-beans-5.2.9.RELEASE.jar:5.2.9.RELEASE]
	at org.springframework.beans.factory.support.AbstractBeanFactory.getBean(AbstractBeanFactory.java:202) ~[spring-beans-5.2.9.RELEASE.jar:5.2.9.RELEASE]
	at org.springframework.beans.factory.support.DefaultListableBeanFactory.preInstantiateSingletons(DefaultListableBeanFactory.java:897) ~[spring-beans-5.2.9.RELEASE.jar:5.2.9.RELEASE]
	at org.springframework.context.support.AbstractApplicationContext.finishBeanFactoryInitialization(AbstractApplicationContext.java:879) ~[spring-context-5.2.9.RELEASE.jar:5.2.9.RELEASE]
	at org.springframework.context.support.AbstractApplicationContext.refresh(AbstractApplicationContext.java:551) ~[spring-context-5.2.9.RELEASE.jar:5.2.9.RELEASE]
	at org.springframework.boot.web.servlet.context.ServletWebServerApplicationContext.refresh(ServletWebServerApplicationContext.java:143) ~[spring-boot-2.3.4.RELEASE.jar:2.3.4.RELEASE]
	at org.springframework.boot.SpringApplication.refresh(SpringApplication.java:758) ~[spring-boot-2.3.4.RELEASE.jar:2.3.4.RELEASE]
	at org.springframework.boot.SpringApplication.refresh(SpringApplication.java:750) [spring-boot-2.3.4.RELEASE.jar:2.3.4.RELEASE]
	at org.springframework.boot.SpringApplication.refreshContext(SpringApplication.java:397) [spring-boot-2.3.4.RELEASE.jar:2.3.4.RELEASE]
	at org.springframework.boot.SpringApplication.run(SpringApplication.java:315) [spring-boot-2.3.4.RELEASE.jar:2.3.4.RELEASE]
	at org.springframework.boot.SpringApplication.run(SpringApplication.java:1237) [spring-boot-2.3.4.RELEASE.jar:2.3.4.RELEASE]
	at org.springframework.boot.SpringApplication.run(SpringApplication.java:1226) [spring-boot-2.3.4.RELEASE.jar:2.3.4.RELEASE]
	at com.bocang.task.TaskApplication.main(TaskApplication.java:12) [classes/:?]
	at sun.reflect.NativeMethodAccessorImpl.invoke0(Native Method) ~[?:1.8.0_261]
	at sun.reflect.NativeMethodAccessorImpl.invoke(NativeMethodAccessorImpl.java:62) ~[?:1.8.0_261]
	at sun.reflect.DelegatingMethodAccessorImpl.invoke(DelegatingMethodAccessorImpl.java:43) ~[?:1.8.0_261]
	at java.lang.reflect.Method.invoke(Method.java:498) ~[?:1.8.0_261]
	at org.springframework.boot.devtools.restart.RestartLauncher.run(RestartLauncher.java:49) [spring-boot-devtools-2.3.4.RELEASE.jar:2.3.4.RELEASE]
Caused by: org.springframework.beans.factory.UnsatisfiedDependencyException: Error creating bean with name 'cronSchedulerJob': Unsatisfied dependency expressed through field 'schedulerFactoryBean'; nested exception is org.springframework.beans.factory.BeanCreationException: Error creating bean with name 'schedulerFactoryBean' defined in class path resource [com/bocang/task/config/QuartzConfig.class]: Invocation of init method failed; nested exception is org.quartz.SchedulerConfigException: DataSource name not set.
	at org.springframework.beans.factory.annotation.AutowiredAnnotationBeanPostProcessor$AutowiredFieldElement.inject(AutowiredAnnotationBeanPostProcessor.java:643) ~[spring-beans-5.2.9.RELEASE.jar:5.2.9.RELEASE]
	at org.springframework.beans.factory.annotation.InjectionMetadata.inject(InjectionMetadata.java:130) ~[spring-beans-5.2.9.RELEASE.jar:5.2.9.RELEASE]
	at org.springframework.beans.factory.annotation.AutowiredAnnotationBeanPostProcessor.postProcessProperties(AutowiredAnnotationBeanPostProcessor.java:399) ~[spring-beans-5.2.9.RELEASE.jar:5.2.9.RELEASE]
	at org.springframework.beans.factory.support.AbstractAutowireCapableBeanFactory.populateBean(AbstractAutowireCapableBeanFactory.java:1420) ~[spring-beans-5.2.9.RELEASE.jar:5.2.9.RELEASE]
	at org.springframework.beans.factory.support.AbstractAutowireCapableBeanFactory.doCreateBean(AbstractAutowireCapableBeanFactory.java:593) ~[spring-beans-5.2.9.RELEASE.jar:5.2.9.RELEASE]
	at org.springframework.beans.factory.support.AbstractAutowireCapableBeanFactory.createBean(AbstractAutowireCapableBeanFactory.java:516) ~[spring-beans-5.2.9.RELEASE.jar:5.2.9.RELEASE]
	at org.springframework.beans.factory.support.AbstractBeanFactory.lambda$doGetBean$0(AbstractBeanFactory.java:324) ~[spring-beans-5.2.9.RELEASE.jar:5.2.9.RELEASE]
	at org.springframework.beans.factory.support.DefaultSingletonBeanRegistry.getSingleton(DefaultSingletonBeanRegistry.java:234) ~[spring-beans-5.2.9.RELEASE.jar:5.2.9.RELEASE]
	at org.springframework.beans.factory.support.AbstractBeanFactory.doGetBean(AbstractBeanFactory.java:322) ~[spring-beans-5.2.9.RELEASE.jar:5.2.9.RELEASE]
	at org.springframework.beans.factory.support.AbstractBeanFactory.getBean(AbstractBeanFactory.java:202) ~[spring-beans-5.2.9.RELEASE.jar:5.2.9.RELEASE]
	at org.springframework.beans.factory.config.DependencyDescriptor.resolveCandidate(DependencyDescriptor.java:276) ~[spring-beans-5.2.9.RELEASE.jar:5.2.9.RELEASE]
	at org.springframework.beans.factory.support.DefaultListableBeanFactory.doResolveDependency(DefaultListableBeanFactory.java:1307) ~[spring-beans-5.2.9.RELEASE.jar:5.2.9.RELEASE]
	at org.springframework.beans.factory.support.DefaultListableBeanFactory.resolveDependency(DefaultListableBeanFactory.java:1227) ~[spring-beans-5.2.9.RELEASE.jar:5.2.9.RELEASE]
	at org.springframework.beans.factory.annotation.AutowiredAnnotationBeanPostProcessor$AutowiredFieldElement.inject(AutowiredAnnotationBeanPostProcessor.java:640) ~[spring-beans-5.2.9.RELEASE.jar:5.2.9.RELEASE]
	... 25 more
Caused by: org.springframework.beans.factory.BeanCreationException: Error creating bean with name 'schedulerFactoryBean' defined in class path resource [com/bocang/task/config/QuartzConfig.class]: Invocation of init method failed; nested exception is org.quartz.SchedulerConfigException: DataSource name not set.
	at org.springframework.beans.factory.support.AbstractAutowireCapableBeanFactory.initializeBean(AbstractAutowireCapableBeanFactory.java:1794) ~[spring-beans-5.2.9.RELEASE.jar:5.2.9.RELEASE]
	at org.springframework.beans.factory.support.AbstractAutowireCapableBeanFactory.doCreateBean(AbstractAutowireCapableBeanFactory.java:594) ~[spring-beans-5.2.9.RELEASE.jar:5.2.9.RELEASE]
	at org.springframework.beans.factory.support.AbstractAutowireCapableBeanFactory.createBean(AbstractAutowireCapableBeanFactory.java:516) ~[spring-beans-5.2.9.RELEASE.jar:5.2.9.RELEASE]
	at org.springframework.beans.factory.support.AbstractBeanFactory.lambda$doGetBean$0(AbstractBeanFactory.java:324) ~[spring-beans-5.2.9.RELEASE.jar:5.2.9.RELEASE]
	at org.springframework.beans.factory.support.DefaultSingletonBeanRegistry.getSingleton(DefaultSingletonBeanRegistry.java:234) ~[spring-beans-5.2.9.RELEASE.jar:5.2.9.RELEASE]
	at org.springframework.beans.factory.support.AbstractBeanFactory.doGetBean(AbstractBeanFactory.java:322) ~[spring-beans-5.2.9.RELEASE.jar:5.2.9.RELEASE]
	at org.springframework.beans.factory.support.AbstractBeanFactory.getBean(AbstractBeanFactory.java:202) ~[spring-beans-5.2.9.RELEASE.jar:5.2.9.RELEASE]
	at org.springframework.beans.factory.config.DependencyDescriptor.resolveCandidate(DependencyDescriptor.java:276) ~[spring-beans-5.2.9.RELEASE.jar:5.2.9.RELEASE]
	at org.springframework.beans.factory.support.DefaultListableBeanFactory.doResolveDependency(DefaultListableBeanFactory.java:1307) ~[spring-beans-5.2.9.RELEASE.jar:5.2.9.RELEASE]
	at org.springframework.beans.factory.support.DefaultListableBeanFactory.resolveDependency(DefaultListableBeanFactory.java:1227) ~[spring-beans-5.2.9.RELEASE.jar:5.2.9.RELEASE]
	at org.springframework.beans.factory.annotation.AutowiredAnnotationBeanPostProcessor$AutowiredFieldElement.inject(AutowiredAnnotationBeanPostProcessor.java:640) ~[spring-beans-5.2.9.RELEASE.jar:5.2.9.RELEASE]
	at org.springframework.beans.factory.annotation.InjectionMetadata.inject(InjectionMetadata.java:130) ~[spring-beans-5.2.9.RELEASE.jar:5.2.9.RELEASE]
	at org.springframework.beans.factory.annotation.AutowiredAnnotationBeanPostProcessor.postProcessProperties(AutowiredAnnotationBeanPostProcessor.java:399) ~[spring-beans-5.2.9.RELEASE.jar:5.2.9.RELEASE]
	at org.springframework.beans.factory.support.AbstractAutowireCapableBeanFactory.populateBean(AbstractAutowireCapableBeanFactory.java:1420) ~[spring-beans-5.2.9.RELEASE.jar:5.2.9.RELEASE]
	at org.springframework.beans.factory.support.AbstractAutowireCapableBeanFactory.doCreateBean(AbstractAutowireCapableBeanFactory.java:593) ~[spring-beans-5.2.9.RELEASE.jar:5.2.9.RELEASE]
	at org.springframework.beans.factory.support.AbstractAutowireCapableBeanFactory.createBean(AbstractAutowireCapableBeanFactory.java:516) ~[spring-beans-5.2.9.RELEASE.jar:5.2.9.RELEASE]
	at org.springframework.beans.factory.support.AbstractBeanFactory.lambda$doGetBean$0(AbstractBeanFactory.java:324) ~[spring-beans-5.2.9.RELEASE.jar:5.2.9.RELEASE]
	at org.springframework.beans.factory.support.DefaultSingletonBeanRegistry.getSingleton(DefaultSingletonBeanRegistry.java:234) ~[spring-beans-5.2.9.RELEASE.jar:5.2.9.RELEASE]
	at org.springframework.beans.factory.support.AbstractBeanFactory.doGetBean(AbstractBeanFactory.java:322) ~[spring-beans-5.2.9.RELEASE.jar:5.2.9.RELEASE]
	at org.springframework.beans.factory.support.AbstractBeanFactory.getBean(AbstractBeanFactory.java:202) ~[spring-beans-5.2.9.RELEASE.jar:5.2.9.RELEASE]
	at org.springframework.beans.factory.config.DependencyDescriptor.resolveCandidate(DependencyDescriptor.java:276) ~[spring-beans-5.2.9.RELEASE.jar:5.2.9.RELEASE]
	at org.springframework.beans.factory.support.DefaultListableBeanFactory.doResolveDependency(DefaultListableBeanFactory.java:1307) ~[spring-beans-5.2.9.RELEASE.jar:5.2.9.RELEASE]
	at org.springframework.beans.factory.support.DefaultListableBeanFactory.resolveDependency(DefaultListableBeanFactory.java:1227) ~[spring-beans-5.2.9.RELEASE.jar:5.2.9.RELEASE]
	at org.springframework.beans.factory.annotation.AutowiredAnnotationBeanPostProcessor$AutowiredFieldElement.inject(AutowiredAnnotationBeanPostProcessor.java:640) ~[spring-beans-5.2.9.RELEASE.jar:5.2.9.RELEASE]
	... 25 more
Caused by: org.quartz.SchedulerConfigException: DataSource name not set.
	at org.quartz.impl.jdbcjobstore.JobStoreSupport.initialize(JobStoreSupport.java:638) ~[quartz-2.2.1.jar:?]
	at org.quartz.impl.jdbcjobstore.JobStoreTX.initialize(JobStoreTX.java:57) ~[quartz-2.2.1.jar:?]
	at org.quartz.impl.StdSchedulerFactory.instantiate(StdSchedulerFactory.java:1333) ~[quartz-2.2.1.jar:?]
	at org.quartz.impl.StdSchedulerFactory.getScheduler(StdSchedulerFactory.java:1519) ~[quartz-2.2.1.jar:?]
	at org.springframework.scheduling.quartz.SchedulerFactoryBean.createScheduler(SchedulerFactoryBean.java:677) ~[spring-context-support-5.2.9.RELEASE.jar:5.2.9.RELEASE]
	at org.springframework.scheduling.quartz.SchedulerFactoryBean.prepareScheduler(SchedulerFactoryBean.java:614) ~[spring-context-support-5.2.9.RELEASE.jar:5.2.9.RELEASE]
	at org.springframework.scheduling.quartz.SchedulerFactoryBean.afterPropertiesSet(SchedulerFactoryBean.java:502) ~[spring-context-support-5.2.9.RELEASE.jar:5.2.9.RELEASE]
	at org.springframework.beans.factory.support.AbstractAutowireCapableBeanFactory.invokeInitMethods(AbstractAutowireCapableBeanFactory.java:1853) ~[spring-beans-5.2.9.RELEASE.jar:5.2.9.RELEASE]
	at org.springframework.beans.factory.support.AbstractAutowireCapableBeanFactory.initializeBean(AbstractAutowireCapableBeanFactory.java:1790) ~[spring-beans-5.2.9.RELEASE.jar:5.2.9.RELEASE]
	at org.springframework.beans.factory.support.AbstractAutowireCapableBeanFactory.doCreateBean(AbstractAutowireCapableBeanFactory.java:594) ~[spring-beans-5.2.9.RELEASE.jar:5.2.9.RELEASE]
	at org.springframework.beans.factory.support.AbstractAutowireCapableBeanFactory.createBean(AbstractAutowireCapableBeanFactory.java:516) ~[spring-beans-5.2.9.RELEASE.jar:5.2.9.RELEASE]
	at org.springframework.beans.factory.support.AbstractBeanFactory.lambda$doGetBean$0(AbstractBeanFactory.java:324) ~[spring-beans-5.2.9.RELEASE.jar:5.2.9.RELEASE]
	at org.springframework.beans.factory.support.DefaultSingletonBeanRegistry.getSingleton(DefaultSingletonBeanRegistry.java:234) ~[spring-beans-5.2.9.RELEASE.jar:5.2.9.RELEASE]
	at org.springframework.beans.factory.support.AbstractBeanFactory.doGetBean(AbstractBeanFactory.java:322) ~[spring-beans-5.2.9.RELEASE.jar:5.2.9.RELEASE]
	at org.springframework.beans.factory.support.AbstractBeanFactory.getBean(AbstractBeanFactory.java:202) ~[spring-beans-5.2.9.RELEASE.jar:5.2.9.RELEASE]
	at org.springframework.beans.factory.config.DependencyDescriptor.resolveCandidate(DependencyDescriptor.java:276) ~[spring-beans-5.2.9.RELEASE.jar:5.2.9.RELEASE]
	at org.springframework.beans.factory.support.DefaultListableBeanFactory.doResolveDependency(DefaultListableBeanFactory.java:1307) ~[spring-beans-5.2.9.RELEASE.jar:5.2.9.RELEASE]
	at org.springframework.beans.factory.support.DefaultListableBeanFactory.resolveDependency(DefaultListableBeanFactory.java:1227) ~[spring-beans-5.2.9.RELEASE.jar:5.2.9.RELEASE]
	at org.springframework.beans.factory.annotation.AutowiredAnnotationBeanPostProcessor$AutowiredFieldElement.inject(AutowiredAnnotationBeanPostProcessor.java:640) ~[spring-beans-5.2.9.RELEASE.jar:5.2.9.RELEASE]
	at org.springframework.beans.factory.annotation.InjectionMetadata.inject(InjectionMetadata.java:130) ~[spring-beans-5.2.9.RELEASE.jar:5.2.9.RELEASE]
	at org.springframework.beans.factory.annotation.AutowiredAnnotationBeanPostProcessor.postProcessProperties(AutowiredAnnotationBeanPostProcessor.java:399) ~[spring-beans-5.2.9.RELEASE.jar:5.2.9.RELEASE]
	at org.springframework.beans.factory.support.AbstractAutowireCapableBeanFactory.populateBean(AbstractAutowireCapableBeanFactory.java:1420) ~[spring-beans-5.2.9.RELEASE.jar:5.2.9.RELEASE]
	at org.springframework.beans.factory.support.AbstractAutowireCapableBeanFactory.doCreateBean(AbstractAutowireCapableBeanFactory.java:593) ~[spring-beans-5.2.9.RELEASE.jar:5.2.9.RELEASE]
	at org.springframework.beans.factory.support.AbstractAutowireCapableBeanFactory.createBean(AbstractAutowireCapableBeanFactory.java:516) ~[spring-beans-5.2.9.RELEASE.jar:5.2.9.RELEASE]
	at org.springframework.beans.factory.support.AbstractBeanFactory.lambda$doGetBean$0(AbstractBeanFactory.java:324) ~[spring-beans-5.2.9.RELEASE.jar:5.2.9.RELEASE]
	at org.springframework.beans.factory.support.DefaultSingletonBeanRegistry.getSingleton(DefaultSingletonBeanRegistry.java:234) ~[spring-beans-5.2.9.RELEASE.jar:5.2.9.RELEASE]
	at org.springframework.beans.factory.support.AbstractBeanFactory.doGetBean(AbstractBeanFactory.java:322) ~[spring-beans-5.2.9.RELEASE.jar:5.2.9.RELEASE]
	at org.springframework.beans.factory.support.AbstractBeanFactory.getBean(AbstractBeanFactory.java:202) ~[spring-beans-5.2.9.RELEASE.jar:5.2.9.RELEASE]
	at org.springframework.beans.factory.config.DependencyDescriptor.resolveCandidate(DependencyDescriptor.java:276) ~[spring-beans-5.2.9.RELEASE.jar:5.2.9.RELEASE]
	at org.springframework.beans.factory.support.DefaultListableBeanFactory.doResolveDependency(DefaultListableBeanFactory.java:1307) ~[spring-beans-5.2.9.RELEASE.jar:5.2.9.RELEASE]
	at org.springframework.beans.factory.support.DefaultListableBeanFactory.resolveDependency(DefaultListableBeanFactory.java:1227) ~[spring-beans-5.2.9.RELEASE.jar:5.2.9.RELEASE]
	at org.springframework.beans.factory.annotation.AutowiredAnnotationBeanPostProcessor$AutowiredFieldElement.inject(AutowiredAnnotationBeanPostProcessor.java:640) ~[spring-beans-5.2.9.RELEASE.jar:5.2.9.RELEASE]
	... 25 more

[2020-09-22 16:05:11] ERROR org.springframework.boot.SpringApplication 837 reportFailure - Application run failed java.lang.IllegalStateException: Failed to execute CommandLineRunner
	at org.springframework.boot.SpringApplication.callRunner(SpringApplication.java:798) [spring-boot-2.3.4.RELEASE.jar:2.3.4.RELEASE]
	at org.springframework.boot.SpringApplication.callRunners(SpringApplication.java:779) [spring-boot-2.3.4.RELEASE.jar:2.3.4.RELEASE]
	at org.springframework.boot.SpringApplication.run(SpringApplication.java:322) [spring-boot-2.3.4.RELEASE.jar:2.3.4.RELEASE]
	at org.springframework.boot.SpringApplication.run(SpringApplication.java:1237) [spring-boot-2.3.4.RELEASE.jar:2.3.4.RELEASE]
	at org.springframework.boot.SpringApplication.run(SpringApplication.java:1226) [spring-boot-2.3.4.RELEASE.jar:2.3.4.RELEASE]
	at com.bocang.task.TaskApplication.main(TaskApplication.java:12) [classes/:?]
	at sun.reflect.NativeMethodAccessorImpl.invoke0(Native Method) ~[?:1.8.0_261]
	at sun.reflect.NativeMethodAccessorImpl.invoke(NativeMethodAccessorImpl.java:62) ~[?:1.8.0_261]
	at sun.reflect.DelegatingMethodAccessorImpl.invoke(DelegatingMethodAccessorImpl.java:43) ~[?:1.8.0_261]
	at java.lang.reflect.Method.invoke(Method.java:498) ~[?:1.8.0_261]
	at org.springframework.boot.devtools.restart.RestartLauncher.run(RestartLauncher.java:49) [spring-boot-devtools-2.3.4.RELEASE.jar:2.3.4.RELEASE]
Caused by: org.quartz.JobPersistenceException: Failed to obtain DB connection from data source 'myDS': java.sql.SQLException: Connections could not be acquired from the underlying database!
	at org.quartz.impl.jdbcjobstore.JobStoreSupport.getConnection(JobStoreSupport.java:778) ~[quartz-2.2.1.jar:?]
	at org.quartz.impl.jdbcjobstore.JobStoreTX.getNonManagedTXConnection(JobStoreTX.java:71) ~[quartz-2.2.1.jar:?]
	at org.quartz.impl.jdbcjobstore.JobStoreSupport.executeInNonManagedTXLock(JobStoreSupport.java:3784) ~[quartz-2.2.1.jar:?]
	at org.quartz.impl.jdbcjobstore.JobStoreTX.executeInLock(JobStoreTX.java:93) ~[quartz-2.2.1.jar:?]
	at org.quartz.impl.jdbcjobstore.JobStoreSupport.storeJobAndTrigger(JobStoreSupport.java:1058) ~[quartz-2.2.1.jar:?]
	at org.quartz.core.QuartzScheduler.scheduleJob(QuartzScheduler.java:886) ~[quartz-2.2.1.jar:?]
	at org.quartz.impl.StdScheduler.scheduleJob(StdScheduler.java:249) ~[quartz-2.2.1.jar:?]
	at com.bocang.task.job.CronSchedulerJob.scheduleJob1(CronSchedulerJob.java:28) ~[classes/:?]
	at com.bocang.task.job.CronSchedulerJob.scheduleJobs(CronSchedulerJob.java:41) ~[classes/:?]
	at com.bocang.task.init.ResourceRunner.run(ResourceRunner.java:26) ~[classes/:?]
	at org.springframework.boot.SpringApplication.callRunner(SpringApplication.java:795) ~[spring-boot-2.3.4.RELEASE.jar:2.3.4.RELEASE]
	... 10 more
Caused by: java.sql.SQLException: Connections could not be acquired from the underlying database!
	at com.mchange.v2.sql.SqlUtils.toSQLException(SqlUtils.java:106) ~[c3p0-0.9.1.1.jar:0.9.1.1]
	at com.mchange.v2.c3p0.impl.C3P0PooledConnectionPool.checkoutPooledConnection(C3P0PooledConnectionPool.java:529) ~[c3p0-0.9.1.1.jar:0.9.1.1]
	at com.mchange.v2.c3p0.impl.AbstractPoolBackedDataSource.getConnection(AbstractPoolBackedDataSource.java:128) ~[c3p0-0.9.1.1.jar:0.9.1.1]
	at org.quartz.utils.PoolingConnectionProvider.getConnection(PoolingConnectionProvider.java:247) ~[quartz-2.2.1.jar:?]
	at org.quartz.utils.DBConnectionManager.getConnection(DBConnectionManager.java:108) ~[quartz-2.2.1.jar:?]
	at org.quartz.impl.jdbcjobstore.JobStoreSupport.getConnection(JobStoreSupport.java:775) ~[quartz-2.2.1.jar:?]
	at org.quartz.impl.jdbcjobstore.JobStoreTX.getNonManagedTXConnection(JobStoreTX.java:71) ~[quartz-2.2.1.jar:?]
	at org.quartz.impl.jdbcjobstore.JobStoreSupport.executeInNonManagedTXLock(JobStoreSupport.java:3784) ~[quartz-2.2.1.jar:?]
	at org.quartz.impl.jdbcjobstore.JobStoreTX.executeInLock(JobStoreTX.java:93) ~[quartz-2.2.1.jar:?]
	at org.quartz.impl.jdbcjobstore.JobStoreSupport.storeJobAndTrigger(JobStoreSupport.java:1058) ~[quartz-2.2.1.jar:?]
	at org.quartz.core.QuartzScheduler.scheduleJob(QuartzScheduler.java:886) ~[quartz-2.2.1.jar:?]
	at org.quartz.impl.StdScheduler.scheduleJob(StdScheduler.java:249) ~[quartz-2.2.1.jar:?]
	at com.bocang.task.job.CronSchedulerJob.scheduleJob1(CronSchedulerJob.java:28) ~[classes/:?]
	at com.bocang.task.job.CronSchedulerJob.scheduleJobs(CronSchedulerJob.java:41) ~[classes/:?]
	at com.bocang.task.init.ResourceRunner.run(ResourceRunner.java:26) ~[classes/:?]
	at org.springframework.boot.SpringApplication.callRunner(SpringApplication.java:795) ~[spring-boot-2.3.4.RELEASE.jar:2.3.4.RELEASE]
	... 10 more
Caused by: com.mchange.v2.resourcepool.CannotAcquireResourceException: A ResourcePool could not acquire a resource from its primary factory or source.
	at com.mchange.v2.resourcepool.BasicResourcePool.awaitAvailable(BasicResourcePool.java:1319) ~[c3p0-0.9.1.1.jar:0.9.1.1]
	at com.mchange.v2.resourcepool.BasicResourcePool.prelimCheckoutResource(BasicResourcePool.java:557) ~[c3p0-0.9.1.1.jar:0.9.1.1]
	at com.mchange.v2.resourcepool.BasicResourcePool.checkoutResource(BasicResourcePool.java:477) ~[c3p0-0.9.1.1.jar:0.9.1.1]
	at com.mchange.v2.c3p0.impl.C3P0PooledConnectionPool.checkoutPooledConnection(C3P0PooledConnectionPool.java:525) ~[c3p0-0.9.1.1.jar:0.9.1.1]
	at com.mchange.v2.c3p0.impl.AbstractPoolBackedDataSource.getConnection(AbstractPoolBackedDataSource.java:128) ~[c3p0-0.9.1.1.jar:0.9.1.1]
	at org.quartz.utils.PoolingConnectionProvider.getConnection(PoolingConnectionProvider.java:247) ~[quartz-2.2.1.jar:?]
	at org.quartz.utils.DBConnectionManager.getConnection(DBConnectionManager.java:108) ~[quartz-2.2.1.jar:?]
	at org.quartz.impl.jdbcjobstore.JobStoreSupport.getConnection(JobStoreSupport.java:775) ~[quartz-2.2.1.jar:?]
	at org.quartz.impl.jdbcjobstore.JobStoreTX.getNonManagedTXConnection(JobStoreTX.java:71) ~[quartz-2.2.1.jar:?]
	at org.quartz.impl.jdbcjobstore.JobStoreSupport.executeInNonManagedTXLock(JobStoreSupport.java:3784) ~[quartz-2.2.1.jar:?]
	at org.quartz.impl.jdbcjobstore.JobStoreTX.executeInLock(JobStoreTX.java:93) ~[quartz-2.2.1.jar:?]
	at org.quartz.impl.jdbcjobstore.JobStoreSupport.storeJobAndTrigger(JobStoreSupport.java:1058) ~[quartz-2.2.1.jar:?]
	at org.quartz.core.QuartzScheduler.scheduleJob(QuartzScheduler.java:886) ~[quartz-2.2.1.jar:?]
	at org.quartz.impl.StdScheduler.scheduleJob(StdScheduler.java:249) ~[quartz-2.2.1.jar:?]
	at com.bocang.task.job.CronSchedulerJob.scheduleJob1(CronSchedulerJob.java:28) ~[classes/:?]
	at com.bocang.task.job.CronSchedulerJob.scheduleJobs(CronSchedulerJob.java:41) ~[classes/:?]
	at com.bocang.task.init.ResourceRunner.run(ResourceRunner.java:26) ~[classes/:?]
	at org.springframework.boot.SpringApplication.callRunner(SpringApplication.java:795) ~[spring-boot-2.3.4.RELEASE.jar:2.3.4.RELEASE]
	... 10 more

[2020-09-22 16:05:52] ERROR org.springframework.boot.SpringApplication 837 reportFailure - Application run failed java.lang.IllegalStateException: Failed to execute CommandLineRunner
	at org.springframework.boot.SpringApplication.callRunner(SpringApplication.java:798) [spring-boot-2.3.4.RELEASE.jar:2.3.4.RELEASE]
	at org.springframework.boot.SpringApplication.callRunners(SpringApplication.java:779) [spring-boot-2.3.4.RELEASE.jar:2.3.4.RELEASE]
	at org.springframework.boot.SpringApplication.run(SpringApplication.java:322) [spring-boot-2.3.4.RELEASE.jar:2.3.4.RELEASE]
	at org.springframework.boot.SpringApplication.run(SpringApplication.java:1237) [spring-boot-2.3.4.RELEASE.jar:2.3.4.RELEASE]
	at org.springframework.boot.SpringApplication.run(SpringApplication.java:1226) [spring-boot-2.3.4.RELEASE.jar:2.3.4.RELEASE]
	at com.bocang.task.TaskApplication.main(TaskApplication.java:12) [classes/:?]
	at sun.reflect.NativeMethodAccessorImpl.invoke0(Native Method) ~[?:1.8.0_261]
	at sun.reflect.NativeMethodAccessorImpl.invoke(NativeMethodAccessorImpl.java:62) ~[?:1.8.0_261]
	at sun.reflect.DelegatingMethodAccessorImpl.invoke(DelegatingMethodAccessorImpl.java:43) ~[?:1.8.0_261]
	at java.lang.reflect.Method.invoke(Method.java:498) ~[?:1.8.0_261]
	at org.springframework.boot.devtools.restart.RestartLauncher.run(RestartLauncher.java:49) [spring-boot-devtools-2.3.4.RELEASE.jar:2.3.4.RELEASE]
Caused by: org.quartz.JobPersistenceException: Failed to obtain DB connection from data source 'myDS': java.sql.SQLException: Connections could not be acquired from the underlying database!
	at org.quartz.impl.jdbcjobstore.JobStoreSupport.getConnection(JobStoreSupport.java:778) ~[quartz-2.2.1.jar:?]
	at org.quartz.impl.jdbcjobstore.JobStoreTX.getNonManagedTXConnection(JobStoreTX.java:71) ~[quartz-2.2.1.jar:?]
	at org.quartz.impl.jdbcjobstore.JobStoreSupport.executeInNonManagedTXLock(JobStoreSupport.java:3784) ~[quartz-2.2.1.jar:?]
	at org.quartz.impl.jdbcjobstore.JobStoreTX.executeInLock(JobStoreTX.java:93) ~[quartz-2.2.1.jar:?]
	at org.quartz.impl.jdbcjobstore.JobStoreSupport.storeJobAndTrigger(JobStoreSupport.java:1058) ~[quartz-2.2.1.jar:?]
	at org.quartz.core.QuartzScheduler.scheduleJob(QuartzScheduler.java:886) ~[quartz-2.2.1.jar:?]
	at org.quartz.impl.StdScheduler.scheduleJob(StdScheduler.java:249) ~[quartz-2.2.1.jar:?]
	at com.bocang.task.job.CronSchedulerJob.scheduleJob1(CronSchedulerJob.java:28) ~[classes/:?]
	at com.bocang.task.job.CronSchedulerJob.scheduleJobs(CronSchedulerJob.java:41) ~[classes/:?]
	at com.bocang.task.init.ResourceRunner.run(ResourceRunner.java:26) ~[classes/:?]
	at org.springframework.boot.SpringApplication.callRunner(SpringApplication.java:795) ~[spring-boot-2.3.4.RELEASE.jar:2.3.4.RELEASE]
	... 10 more
Caused by: java.sql.SQLException: Connections could not be acquired from the underlying database!
	at com.mchange.v2.sql.SqlUtils.toSQLException(SqlUtils.java:106) ~[c3p0-0.9.1.1.jar:0.9.1.1]
	at com.mchange.v2.c3p0.impl.C3P0PooledConnectionPool.checkoutPooledConnection(C3P0PooledConnectionPool.java:529) ~[c3p0-0.9.1.1.jar:0.9.1.1]
	at com.mchange.v2.c3p0.impl.AbstractPoolBackedDataSource.getConnection(AbstractPoolBackedDataSource.java:128) ~[c3p0-0.9.1.1.jar:0.9.1.1]
	at org.quartz.utils.PoolingConnectionProvider.getConnection(PoolingConnectionProvider.java:247) ~[quartz-2.2.1.jar:?]
	at org.quartz.utils.DBConnectionManager.getConnection(DBConnectionManager.java:108) ~[quartz-2.2.1.jar:?]
	at org.quartz.impl.jdbcjobstore.JobStoreSupport.getConnection(JobStoreSupport.java:775) ~[quartz-2.2.1.jar:?]
	at org.quartz.impl.jdbcjobstore.JobStoreTX.getNonManagedTXConnection(JobStoreTX.java:71) ~[quartz-2.2.1.jar:?]
	at org.quartz.impl.jdbcjobstore.JobStoreSupport.executeInNonManagedTXLock(JobStoreSupport.java:3784) ~[quartz-2.2.1.jar:?]
	at org.quartz.impl.jdbcjobstore.JobStoreTX.executeInLock(JobStoreTX.java:93) ~[quartz-2.2.1.jar:?]
	at org.quartz.impl.jdbcjobstore.JobStoreSupport.storeJobAndTrigger(JobStoreSupport.java:1058) ~[quartz-2.2.1.jar:?]
	at org.quartz.core.QuartzScheduler.scheduleJob(QuartzScheduler.java:886) ~[quartz-2.2.1.jar:?]
	at org.quartz.impl.StdScheduler.scheduleJob(StdScheduler.java:249) ~[quartz-2.2.1.jar:?]
	at com.bocang.task.job.CronSchedulerJob.scheduleJob1(CronSchedulerJob.java:28) ~[classes/:?]
	at com.bocang.task.job.CronSchedulerJob.scheduleJobs(CronSchedulerJob.java:41) ~[classes/:?]
	at com.bocang.task.init.ResourceRunner.run(ResourceRunner.java:26) ~[classes/:?]
	at org.springframework.boot.SpringApplication.callRunner(SpringApplication.java:795) ~[spring-boot-2.3.4.RELEASE.jar:2.3.4.RELEASE]
	... 10 more
Caused by: com.mchange.v2.resourcepool.CannotAcquireResourceException: A ResourcePool could not acquire a resource from its primary factory or source.
	at com.mchange.v2.resourcepool.BasicResourcePool.awaitAvailable(BasicResourcePool.java:1319) ~[c3p0-0.9.1.1.jar:0.9.1.1]
	at com.mchange.v2.resourcepool.BasicResourcePool.prelimCheckoutResource(BasicResourcePool.java:557) ~[c3p0-0.9.1.1.jar:0.9.1.1]
	at com.mchange.v2.resourcepool.BasicResourcePool.checkoutResource(BasicResourcePool.java:477) ~[c3p0-0.9.1.1.jar:0.9.1.1]
	at com.mchange.v2.c3p0.impl.C3P0PooledConnectionPool.checkoutPooledConnection(C3P0PooledConnectionPool.java:525) ~[c3p0-0.9.1.1.jar:0.9.1.1]
	at com.mchange.v2.c3p0.impl.AbstractPoolBackedDataSource.getConnection(AbstractPoolBackedDataSource.java:128) ~[c3p0-0.9.1.1.jar:0.9.1.1]
	at org.quartz.utils.PoolingConnectionProvider.getConnection(PoolingConnectionProvider.java:247) ~[quartz-2.2.1.jar:?]
	at org.quartz.utils.DBConnectionManager.getConnection(DBConnectionManager.java:108) ~[quartz-2.2.1.jar:?]
	at org.quartz.impl.jdbcjobstore.JobStoreSupport.getConnection(JobStoreSupport.java:775) ~[quartz-2.2.1.jar:?]
	at org.quartz.impl.jdbcjobstore.JobStoreTX.getNonManagedTXConnection(JobStoreTX.java:71) ~[quartz-2.2.1.jar:?]
	at org.quartz.impl.jdbcjobstore.JobStoreSupport.executeInNonManagedTXLock(JobStoreSupport.java:3784) ~[quartz-2.2.1.jar:?]
	at org.quartz.impl.jdbcjobstore.JobStoreTX.executeInLock(JobStoreTX.java:93) ~[quartz-2.2.1.jar:?]
	at org.quartz.impl.jdbcjobstore.JobStoreSupport.storeJobAndTrigger(JobStoreSupport.java:1058) ~[quartz-2.2.1.jar:?]
	at org.quartz.core.QuartzScheduler.scheduleJob(QuartzScheduler.java:886) ~[quartz-2.2.1.jar:?]
	at org.quartz.impl.StdScheduler.scheduleJob(StdScheduler.java:249) ~[quartz-2.2.1.jar:?]
	at com.bocang.task.job.CronSchedulerJob.scheduleJob1(CronSchedulerJob.java:28) ~[classes/:?]
	at com.bocang.task.job.CronSchedulerJob.scheduleJobs(CronSchedulerJob.java:41) ~[classes/:?]
	at com.bocang.task.init.ResourceRunner.run(ResourceRunner.java:26) ~[classes/:?]
	at org.springframework.boot.SpringApplication.callRunner(SpringApplication.java:795) ~[spring-boot-2.3.4.RELEASE.jar:2.3.4.RELEASE]
	... 10 more

[2020-09-22 16:07:54] ERROR org.springframework.boot.SpringApplication 837 reportFailure - Application run failed java.lang.IllegalStateException: Failed to execute CommandLineRunner
	at org.springframework.boot.SpringApplication.callRunner(SpringApplication.java:798) [spring-boot-2.3.4.RELEASE.jar:2.3.4.RELEASE]
	at org.springframework.boot.SpringApplication.callRunners(SpringApplication.java:779) [spring-boot-2.3.4.RELEASE.jar:2.3.4.RELEASE]
	at org.springframework.boot.SpringApplication.run(SpringApplication.java:322) [spring-boot-2.3.4.RELEASE.jar:2.3.4.RELEASE]
	at org.springframework.boot.SpringApplication.run(SpringApplication.java:1237) [spring-boot-2.3.4.RELEASE.jar:2.3.4.RELEASE]
	at org.springframework.boot.SpringApplication.run(SpringApplication.java:1226) [spring-boot-2.3.4.RELEASE.jar:2.3.4.RELEASE]
	at com.bocang.task.TaskApplication.main(TaskApplication.java:12) [classes/:?]
	at sun.reflect.NativeMethodAccessorImpl.invoke0(Native Method) ~[?:1.8.0_261]
	at sun.reflect.NativeMethodAccessorImpl.invoke(NativeMethodAccessorImpl.java:62) ~[?:1.8.0_261]
	at sun.reflect.DelegatingMethodAccessorImpl.invoke(DelegatingMethodAccessorImpl.java:43) ~[?:1.8.0_261]
	at java.lang.reflect.Method.invoke(Method.java:498) ~[?:1.8.0_261]
	at org.springframework.boot.devtools.restart.RestartLauncher.run(RestartLauncher.java:49) [spring-boot-devtools-2.3.4.RELEASE.jar:2.3.4.RELEASE]
Caused by: org.quartz.JobPersistenceException: Failed to obtain DB connection from data source 'myDS': java.sql.SQLException: Connections could not be acquired from the underlying database!
	at org.quartz.impl.jdbcjobstore.JobStoreSupport.getConnection(JobStoreSupport.java:778) ~[quartz-2.2.1.jar:?]
	at org.quartz.impl.jdbcjobstore.JobStoreTX.getNonManagedTXConnection(JobStoreTX.java:71) ~[quartz-2.2.1.jar:?]
	at org.quartz.impl.jdbcjobstore.JobStoreSupport.executeInNonManagedTXLock(JobStoreSupport.java:3784) ~[quartz-2.2.1.jar:?]
	at org.quartz.impl.jdbcjobstore.JobStoreTX.executeInLock(JobStoreTX.java:93) ~[quartz-2.2.1.jar:?]
	at org.quartz.impl.jdbcjobstore.JobStoreSupport.storeJobAndTrigger(JobStoreSupport.java:1058) ~[quartz-2.2.1.jar:?]
	at org.quartz.core.QuartzScheduler.scheduleJob(QuartzScheduler.java:886) ~[quartz-2.2.1.jar:?]
	at org.quartz.impl.StdScheduler.scheduleJob(StdScheduler.java:249) ~[quartz-2.2.1.jar:?]
	at com.bocang.task.job.CronSchedulerJob.scheduleJob1(CronSchedulerJob.java:28) ~[classes/:?]
	at com.bocang.task.job.CronSchedulerJob.scheduleJobs(CronSchedulerJob.java:41) ~[classes/:?]
	at com.bocang.task.init.ResourceRunner.run(ResourceRunner.java:26) ~[classes/:?]
	at org.springframework.boot.SpringApplication.callRunner(SpringApplication.java:795) ~[spring-boot-2.3.4.RELEASE.jar:2.3.4.RELEASE]
	... 10 more
Caused by: java.sql.SQLException: Connections could not be acquired from the underlying database!
	at com.mchange.v2.sql.SqlUtils.toSQLException(SqlUtils.java:106) ~[c3p0-0.9.1.1.jar:0.9.1.1]
	at com.mchange.v2.c3p0.impl.C3P0PooledConnectionPool.checkoutPooledConnection(C3P0PooledConnectionPool.java:529) ~[c3p0-0.9.1.1.jar:0.9.1.1]
	at com.mchange.v2.c3p0.impl.AbstractPoolBackedDataSource.getConnection(AbstractPoolBackedDataSource.java:128) ~[c3p0-0.9.1.1.jar:0.9.1.1]
	at org.quartz.utils.PoolingConnectionProvider.getConnection(PoolingConnectionProvider.java:247) ~[quartz-2.2.1.jar:?]
	at org.quartz.utils.DBConnectionManager.getConnection(DBConnectionManager.java:108) ~[quartz-2.2.1.jar:?]
	at org.quartz.impl.jdbcjobstore.JobStoreSupport.getConnection(JobStoreSupport.java:775) ~[quartz-2.2.1.jar:?]
	at org.quartz.impl.jdbcjobstore.JobStoreTX.getNonManagedTXConnection(JobStoreTX.java:71) ~[quartz-2.2.1.jar:?]
	at org.quartz.impl.jdbcjobstore.JobStoreSupport.executeInNonManagedTXLock(JobStoreSupport.java:3784) ~[quartz-2.2.1.jar:?]
	at org.quartz.impl.jdbcjobstore.JobStoreTX.executeInLock(JobStoreTX.java:93) ~[quartz-2.2.1.jar:?]
	at org.quartz.impl.jdbcjobstore.JobStoreSupport.storeJobAndTrigger(JobStoreSupport.java:1058) ~[quartz-2.2.1.jar:?]
	at org.quartz.core.QuartzScheduler.scheduleJob(QuartzScheduler.java:886) ~[quartz-2.2.1.jar:?]
	at org.quartz.impl.StdScheduler.scheduleJob(StdScheduler.java:249) ~[quartz-2.2.1.jar:?]
	at com.bocang.task.job.CronSchedulerJob.scheduleJob1(CronSchedulerJob.java:28) ~[classes/:?]
	at com.bocang.task.job.CronSchedulerJob.scheduleJobs(CronSchedulerJob.java:41) ~[classes/:?]
	at com.bocang.task.init.ResourceRunner.run(ResourceRunner.java:26) ~[classes/:?]
	at org.springframework.boot.SpringApplication.callRunner(SpringApplication.java:795) ~[spring-boot-2.3.4.RELEASE.jar:2.3.4.RELEASE]
	... 10 more
Caused by: com.mchange.v2.resourcepool.CannotAcquireResourceException: A ResourcePool could not acquire a resource from its primary factory or source.
	at com.mchange.v2.resourcepool.BasicResourcePool.awaitAvailable(BasicResourcePool.java:1319) ~[c3p0-0.9.1.1.jar:0.9.1.1]
	at com.mchange.v2.resourcepool.BasicResourcePool.prelimCheckoutResource(BasicResourcePool.java:557) ~[c3p0-0.9.1.1.jar:0.9.1.1]
	at com.mchange.v2.resourcepool.BasicResourcePool.checkoutResource(BasicResourcePool.java:477) ~[c3p0-0.9.1.1.jar:0.9.1.1]
	at com.mchange.v2.c3p0.impl.C3P0PooledConnectionPool.checkoutPooledConnection(C3P0PooledConnectionPool.java:525) ~[c3p0-0.9.1.1.jar:0.9.1.1]
	at com.mchange.v2.c3p0.impl.AbstractPoolBackedDataSource.getConnection(AbstractPoolBackedDataSource.java:128) ~[c3p0-0.9.1.1.jar:0.9.1.1]
	at org.quartz.utils.PoolingConnectionProvider.getConnection(PoolingConnectionProvider.java:247) ~[quartz-2.2.1.jar:?]
	at org.quartz.utils.DBConnectionManager.getConnection(DBConnectionManager.java:108) ~[quartz-2.2.1.jar:?]
	at org.quartz.impl.jdbcjobstore.JobStoreSupport.getConnection(JobStoreSupport.java:775) ~[quartz-2.2.1.jar:?]
	at org.quartz.impl.jdbcjobstore.JobStoreTX.getNonManagedTXConnection(JobStoreTX.java:71) ~[quartz-2.2.1.jar:?]
	at org.quartz.impl.jdbcjobstore.JobStoreSupport.executeInNonManagedTXLock(JobStoreSupport.java:3784) ~[quartz-2.2.1.jar:?]
	at org.quartz.impl.jdbcjobstore.JobStoreTX.executeInLock(JobStoreTX.java:93) ~[quartz-2.2.1.jar:?]
	at org.quartz.impl.jdbcjobstore.JobStoreSupport.storeJobAndTrigger(JobStoreSupport.java:1058) ~[quartz-2.2.1.jar:?]
	at org.quartz.core.QuartzScheduler.scheduleJob(QuartzScheduler.java:886) ~[quartz-2.2.1.jar:?]
	at org.quartz.impl.StdScheduler.scheduleJob(StdScheduler.java:249) ~[quartz-2.2.1.jar:?]
	at com.bocang.task.job.CronSchedulerJob.scheduleJob1(CronSchedulerJob.java:28) ~[classes/:?]
	at com.bocang.task.job.CronSchedulerJob.scheduleJobs(CronSchedulerJob.java:41) ~[classes/:?]
	at com.bocang.task.init.ResourceRunner.run(ResourceRunner.java:26) ~[classes/:?]
	at org.springframework.boot.SpringApplication.callRunner(SpringApplication.java:795) ~[spring-boot-2.3.4.RELEASE.jar:2.3.4.RELEASE]
	... 10 more

[2020-09-22 16:10:11] ERROR org.springframework.boot.SpringApplication 837 reportFailure - Application run failed org.springframework.context.ApplicationContextException: Failed to start bean 'webServerStartStop'; nested exception is org.springframework.boot.web.server.WebServerException: Unable to start embedded Tomcat server
	at org.springframework.context.support.DefaultLifecycleProcessor.doStart(DefaultLifecycleProcessor.java:185) ~[spring-context-5.2.9.RELEASE.jar:5.2.9.RELEASE]
	at org.springframework.context.support.DefaultLifecycleProcessor.access$200(DefaultLifecycleProcessor.java:53) ~[spring-context-5.2.9.RELEASE.jar:5.2.9.RELEASE]
	at org.springframework.context.support.DefaultLifecycleProcessor$LifecycleGroup.start(DefaultLifecycleProcessor.java:360) ~[spring-context-5.2.9.RELEASE.jar:5.2.9.RELEASE]
	at org.springframework.context.support.DefaultLifecycleProcessor.startBeans(DefaultLifecycleProcessor.java:158) ~[spring-context-5.2.9.RELEASE.jar:5.2.9.RELEASE]
	at org.springframework.context.support.DefaultLifecycleProcessor.onRefresh(DefaultLifecycleProcessor.java:122) ~[spring-context-5.2.9.RELEASE.jar:5.2.9.RELEASE]
	at org.springframework.context.support.AbstractApplicationContext.finishRefresh(AbstractApplicationContext.java:895) ~[spring-context-5.2.9.RELEASE.jar:5.2.9.RELEASE]
	at org.springframework.context.support.AbstractApplicationContext.refresh(AbstractApplicationContext.java:554) ~[spring-context-5.2.9.RELEASE.jar:5.2.9.RELEASE]
	at org.springframework.boot.web.servlet.context.ServletWebServerApplicationContext.refresh(ServletWebServerApplicationContext.java:143) ~[spring-boot-2.3.4.RELEASE.jar:2.3.4.RELEASE]
	at org.springframework.boot.SpringApplication.refresh(SpringApplication.java:758) ~[spring-boot-2.3.4.RELEASE.jar:2.3.4.RELEASE]
	at org.springframework.boot.SpringApplication.refresh(SpringApplication.java:750) [spring-boot-2.3.4.RELEASE.jar:2.3.4.RELEASE]
	at org.springframework.boot.SpringApplication.refreshContext(SpringApplication.java:397) [spring-boot-2.3.4.RELEASE.jar:2.3.4.RELEASE]
	at org.springframework.boot.SpringApplication.run(SpringApplication.java:315) [spring-boot-2.3.4.RELEASE.jar:2.3.4.RELEASE]
	at org.springframework.boot.SpringApplication.run(SpringApplication.java:1237) [spring-boot-2.3.4.RELEASE.jar:2.3.4.RELEASE]
	at org.springframework.boot.SpringApplication.run(SpringApplication.java:1226) [spring-boot-2.3.4.RELEASE.jar:2.3.4.RELEASE]
	at com.bocang.task.TaskApplication.main(TaskApplication.java:12) [classes/:?]
	at sun.reflect.NativeMethodAccessorImpl.invoke0(Native Method) ~[?:1.8.0_261]
	at sun.reflect.NativeMethodAccessorImpl.invoke(NativeMethodAccessorImpl.java:62) ~[?:1.8.0_261]
	at sun.reflect.DelegatingMethodAccessorImpl.invoke(DelegatingMethodAccessorImpl.java:43) ~[?:1.8.0_261]
	at java.lang.reflect.Method.invoke(Method.java:498) ~[?:1.8.0_261]
	at org.springframework.boot.devtools.restart.RestartLauncher.run(RestartLauncher.java:49) [spring-boot-devtools-2.3.4.RELEASE.jar:2.3.4.RELEASE]
Caused by: org.springframework.boot.web.server.WebServerException: Unable to start embedded Tomcat server
	at org.springframework.boot.web.embedded.tomcat.TomcatWebServer.start(TomcatWebServer.java:229) ~[spring-boot-2.3.4.RELEASE.jar:2.3.4.RELEASE]
	at org.springframework.boot.web.servlet.context.WebServerStartStopLifecycle.start(WebServerStartStopLifecycle.java:43) ~[spring-boot-2.3.4.RELEASE.jar:2.3.4.RELEASE]
	at org.springframework.context.support.DefaultLifecycleProcessor.doStart(DefaultLifecycleProcessor.java:182) ~[spring-context-5.2.9.RELEASE.jar:5.2.9.RELEASE]
	... 19 more
Caused by: java.lang.IllegalArgumentException: standardService.connector.startFailed
	at org.apache.catalina.core.StandardService.addConnector(StandardService.java:231) ~[tomcat-embed-core-9.0.38.jar:9.0.38]
	at org.springframework.boot.web.embedded.tomcat.TomcatWebServer.addPreviouslyRemovedConnectors(TomcatWebServer.java:282) ~[spring-boot-2.3.4.RELEASE.jar:2.3.4.RELEASE]
	at org.springframework.boot.web.embedded.tomcat.TomcatWebServer.start(TomcatWebServer.java:213) ~[spring-boot-2.3.4.RELEASE.jar:2.3.4.RELEASE]
	at org.springframework.boot.web.servlet.context.WebServerStartStopLifecycle.start(WebServerStartStopLifecycle.java:43) ~[spring-boot-2.3.4.RELEASE.jar:2.3.4.RELEASE]
	at org.springframework.context.support.DefaultLifecycleProcessor.doStart(DefaultLifecycleProcessor.java:182) ~[spring-context-5.2.9.RELEASE.jar:5.2.9.RELEASE]
	... 19 more
Caused by: org.apache.catalina.LifecycleException: Protocol handler start failed
	at org.apache.catalina.connector.Connector.startInternal(Connector.java:1067) ~[tomcat-embed-core-9.0.38.jar:9.0.38]
	at org.apache.catalina.util.LifecycleBase.start(LifecycleBase.java:183) ~[tomcat-embed-core-9.0.38.jar:9.0.38]
	at org.apache.catalina.core.StandardService.addConnector(StandardService.java:227) ~[tomcat-embed-core-9.0.38.jar:9.0.38]
	at org.springframework.boot.web.embedded.tomcat.TomcatWebServer.addPreviouslyRemovedConnectors(TomcatWebServer.java:282) ~[spring-boot-2.3.4.RELEASE.jar:2.3.4.RELEASE]
	at org.springframework.boot.web.embedded.tomcat.TomcatWebServer.start(TomcatWebServer.java:213) ~[spring-boot-2.3.4.RELEASE.jar:2.3.4.RELEASE]
	at org.springframework.boot.web.servlet.context.WebServerStartStopLifecycle.start(WebServerStartStopLifecycle.java:43) ~[spring-boot-2.3.4.RELEASE.jar:2.3.4.RELEASE]
	at org.springframework.context.support.DefaultLifecycleProcessor.doStart(DefaultLifecycleProcessor.java:182) ~[spring-context-5.2.9.RELEASE.jar:5.2.9.RELEASE]
	... 19 more
Caused by: java.net.BindException: 地址已在使用
	at sun.nio.ch.Net.bind0(Native Method) ~[?:1.8.0_261]
	at sun.nio.ch.Net.bind(Net.java:444) ~[?:1.8.0_261]
	at sun.nio.ch.Net.bind(Net.java:436) ~[?:1.8.0_261]
	at sun.nio.ch.ServerSocketChannelImpl.bind(ServerSocketChannelImpl.java:225) ~[?:1.8.0_261]
	at sun.nio.ch.ServerSocketAdaptor.bind(ServerSocketAdaptor.java:74) ~[?:1.8.0_261]
	at org.apache.tomcat.util.net.NioEndpoint.initServerSocket(NioEndpoint.java:228) ~[tomcat-embed-core-9.0.38.jar:9.0.38]
	at org.apache.tomcat.util.net.NioEndpoint.bind(NioEndpoint.java:211) ~[tomcat-embed-core-9.0.38.jar:9.0.38]
	at org.apache.tomcat.util.net.AbstractEndpoint.bindWithCleanup(AbstractEndpoint.java:1141) ~[tomcat-embed-core-9.0.38.jar:9.0.38]
	at org.apache.tomcat.util.net.AbstractEndpoint.start(AbstractEndpoint.java:1227) ~[tomcat-embed-core-9.0.38.jar:9.0.38]
	at org.apache.coyote.AbstractProtocol.start(AbstractProtocol.java:592) ~[tomcat-embed-core-9.0.38.jar:9.0.38]
	at org.apache.catalina.connector.Connector.startInternal(Connector.java:1064) ~[tomcat-embed-core-9.0.38.jar:9.0.38]
	at org.apache.catalina.util.LifecycleBase.start(LifecycleBase.java:183) ~[tomcat-embed-core-9.0.38.jar:9.0.38]
	at org.apache.catalina.core.StandardService.addConnector(StandardService.java:227) ~[tomcat-embed-core-9.0.38.jar:9.0.38]
	at org.springframework.boot.web.embedded.tomcat.TomcatWebServer.addPreviouslyRemovedConnectors(TomcatWebServer.java:282) ~[spring-boot-2.3.4.RELEASE.jar:2.3.4.RELEASE]
	at org.springframework.boot.web.embedded.tomcat.TomcatWebServer.start(TomcatWebServer.java:213) ~[spring-boot-2.3.4.RELEASE.jar:2.3.4.RELEASE]
	at org.springframework.boot.web.servlet.context.WebServerStartStopLifecycle.start(WebServerStartStopLifecycle.java:43) ~[spring-boot-2.3.4.RELEASE.jar:2.3.4.RELEASE]
	at org.springframework.context.support.DefaultLifecycleProcessor.doStart(DefaultLifecycleProcessor.java:182) ~[spring-context-5.2.9.RELEASE.jar:5.2.9.RELEASE]
	... 19 more

[2020-09-22 16:10:55] ERROR org.springframework.boot.SpringApplication 837 reportFailure - Application run failed java.lang.IllegalStateException: Failed to execute CommandLineRunner
	at org.springframework.boot.SpringApplication.callRunner(SpringApplication.java:798) [spring-boot-2.3.4.RELEASE.jar:2.3.4.RELEASE]
	at org.springframework.boot.SpringApplication.callRunners(SpringApplication.java:779) [spring-boot-2.3.4.RELEASE.jar:2.3.4.RELEASE]
	at org.springframework.boot.SpringApplication.run(SpringApplication.java:322) [spring-boot-2.3.4.RELEASE.jar:2.3.4.RELEASE]
	at org.springframework.boot.SpringApplication.run(SpringApplication.java:1237) [spring-boot-2.3.4.RELEASE.jar:2.3.4.RELEASE]
	at org.springframework.boot.SpringApplication.run(SpringApplication.java:1226) [spring-boot-2.3.4.RELEASE.jar:2.3.4.RELEASE]
	at com.bocang.task.TaskApplication.main(TaskApplication.java:12) [classes/:?]
	at sun.reflect.NativeMethodAccessorImpl.invoke0(Native Method) ~[?:1.8.0_261]
	at sun.reflect.NativeMethodAccessorImpl.invoke(NativeMethodAccessorImpl.java:62) ~[?:1.8.0_261]
	at sun.reflect.DelegatingMethodAccessorImpl.invoke(DelegatingMethodAccessorImpl.java:43) ~[?:1.8.0_261]
	at java.lang.reflect.Method.invoke(Method.java:498) ~[?:1.8.0_261]
	at org.springframework.boot.devtools.restart.RestartLauncher.run(RestartLauncher.java:49) [spring-boot-devtools-2.3.4.RELEASE.jar:2.3.4.RELEASE]
Caused by: org.quartz.JobPersistenceException: Failed to obtain DB connection from data source 'myDS': java.sql.SQLException: An SQLException was provoked by the following failure: java.lang.InterruptedException
	at org.quartz.impl.jdbcjobstore.JobStoreSupport.getConnection(JobStoreSupport.java:778) ~[quartz-2.2.1.jar:?]
	at org.quartz.impl.jdbcjobstore.JobStoreTX.getNonManagedTXConnection(JobStoreTX.java:71) ~[quartz-2.2.1.jar:?]
	at org.quartz.impl.jdbcjobstore.JobStoreSupport.executeInNonManagedTXLock(JobStoreSupport.java:3784) ~[quartz-2.2.1.jar:?]
	at org.quartz.impl.jdbcjobstore.JobStoreTX.executeInLock(JobStoreTX.java:93) ~[quartz-2.2.1.jar:?]
	at org.quartz.impl.jdbcjobstore.JobStoreSupport.storeJobAndTrigger(JobStoreSupport.java:1058) ~[quartz-2.2.1.jar:?]
	at org.quartz.core.QuartzScheduler.scheduleJob(QuartzScheduler.java:886) ~[quartz-2.2.1.jar:?]
	at org.quartz.impl.StdScheduler.scheduleJob(StdScheduler.java:249) ~[quartz-2.2.1.jar:?]
	at com.bocang.task.job.CronSchedulerJob.scheduleJob1(CronSchedulerJob.java:28) ~[classes/:?]
	at com.bocang.task.job.CronSchedulerJob.scheduleJobs(CronSchedulerJob.java:41) ~[classes/:?]
	at com.bocang.task.init.ResourceRunner.run(ResourceRunner.java:26) ~[classes/:?]
	at org.springframework.boot.SpringApplication.callRunner(SpringApplication.java:795) ~[spring-boot-2.3.4.RELEASE.jar:2.3.4.RELEASE]
	... 10 more
Caused by: java.sql.SQLException: An SQLException was provoked by the following failure: java.lang.InterruptedException
	at com.mchange.v2.sql.SqlUtils.toSQLException(SqlUtils.java:106) ~[c3p0-0.9.1.1.jar:0.9.1.1]
	at com.mchange.v2.sql.SqlUtils.toSQLException(SqlUtils.java:65) ~[c3p0-0.9.1.1.jar:0.9.1.1]
	at com.mchange.v2.sql.SqlUtils.toSQLException(SqlUtils.java:62) ~[c3p0-0.9.1.1.jar:0.9.1.1]
	at com.mchange.v2.c3p0.impl.C3P0PooledConnectionPool.checkoutPooledConnection(C3P0PooledConnectionPool.java:531) ~[c3p0-0.9.1.1.jar:0.9.1.1]
	at com.mchange.v2.c3p0.impl.AbstractPoolBackedDataSource.getConnection(AbstractPoolBackedDataSource.java:128) ~[c3p0-0.9.1.1.jar:0.9.1.1]
	at org.quartz.utils.PoolingConnectionProvider.getConnection(PoolingConnectionProvider.java:247) ~[quartz-2.2.1.jar:?]
	at org.quartz.utils.DBConnectionManager.getConnection(DBConnectionManager.java:108) ~[quartz-2.2.1.jar:?]
	at org.quartz.impl.jdbcjobstore.JobStoreSupport.getConnection(JobStoreSupport.java:775) ~[quartz-2.2.1.jar:?]
	at org.quartz.impl.jdbcjobstore.JobStoreTX.getNonManagedTXConnection(JobStoreTX.java:71) ~[quartz-2.2.1.jar:?]
	at org.quartz.impl.jdbcjobstore.JobStoreSupport.executeInNonManagedTXLock(JobStoreSupport.java:3784) ~[quartz-2.2.1.jar:?]
	at org.quartz.impl.jdbcjobstore.JobStoreTX.executeInLock(JobStoreTX.java:93) ~[quartz-2.2.1.jar:?]
	at org.quartz.impl.jdbcjobstore.JobStoreSupport.storeJobAndTrigger(JobStoreSupport.java:1058) ~[quartz-2.2.1.jar:?]
	at org.quartz.core.QuartzScheduler.scheduleJob(QuartzScheduler.java:886) ~[quartz-2.2.1.jar:?]
	at org.quartz.impl.StdScheduler.scheduleJob(StdScheduler.java:249) ~[quartz-2.2.1.jar:?]
	at com.bocang.task.job.CronSchedulerJob.scheduleJob1(CronSchedulerJob.java:28) ~[classes/:?]
	at com.bocang.task.job.CronSchedulerJob.scheduleJobs(CronSchedulerJob.java:41) ~[classes/:?]
	at com.bocang.task.init.ResourceRunner.run(ResourceRunner.java:26) ~[classes/:?]
	at org.springframework.boot.SpringApplication.callRunner(SpringApplication.java:795) ~[spring-boot-2.3.4.RELEASE.jar:2.3.4.RELEASE]
	... 10 more
Caused by: java.lang.InterruptedException
	at java.lang.Object.wait(Native Method) ~[?:1.8.0_261]
	at com.mchange.v2.resourcepool.BasicResourcePool.awaitAvailable(BasicResourcePool.java:1315) ~[c3p0-0.9.1.1.jar:0.9.1.1]
	at com.mchange.v2.resourcepool.BasicResourcePool.prelimCheckoutResource(BasicResourcePool.java:557) ~[c3p0-0.9.1.1.jar:0.9.1.1]
	at com.mchange.v2.resourcepool.BasicResourcePool.checkoutResource(BasicResourcePool.java:477) ~[c3p0-0.9.1.1.jar:0.9.1.1]
	at com.mchange.v2.c3p0.impl.C3P0PooledConnectionPool.checkoutPooledConnection(C3P0PooledConnectionPool.java:525) ~[c3p0-0.9.1.1.jar:0.9.1.1]
	at com.mchange.v2.c3p0.impl.AbstractPoolBackedDataSource.getConnection(AbstractPoolBackedDataSource.java:128) ~[c3p0-0.9.1.1.jar:0.9.1.1]
	at org.quartz.utils.PoolingConnectionProvider.getConnection(PoolingConnectionProvider.java:247) ~[quartz-2.2.1.jar:?]
	at org.quartz.utils.DBConnectionManager.getConnection(DBConnectionManager.java:108) ~[quartz-2.2.1.jar:?]
	at org.quartz.impl.jdbcjobstore.JobStoreSupport.getConnection(JobStoreSupport.java:775) ~[quartz-2.2.1.jar:?]
	at org.quartz.impl.jdbcjobstore.JobStoreTX.getNonManagedTXConnection(JobStoreTX.java:71) ~[quartz-2.2.1.jar:?]
	at org.quartz.impl.jdbcjobstore.JobStoreSupport.executeInNonManagedTXLock(JobStoreSupport.java:3784) ~[quartz-2.2.1.jar:?]
	at org.quartz.impl.jdbcjobstore.JobStoreTX.executeInLock(JobStoreTX.java:93) ~[quartz-2.2.1.jar:?]
	at org.quartz.impl.jdbcjobstore.JobStoreSupport.storeJobAndTrigger(JobStoreSupport.java:1058) ~[quartz-2.2.1.jar:?]
	at org.quartz.core.QuartzScheduler.scheduleJob(QuartzScheduler.java:886) ~[quartz-2.2.1.jar:?]
	at org.quartz.impl.StdScheduler.scheduleJob(StdScheduler.java:249) ~[quartz-2.2.1.jar:?]
	at com.bocang.task.job.CronSchedulerJob.scheduleJob1(CronSchedulerJob.java:28) ~[classes/:?]
	at com.bocang.task.job.CronSchedulerJob.scheduleJobs(CronSchedulerJob.java:41) ~[classes/:?]
	at com.bocang.task.init.ResourceRunner.run(ResourceRunner.java:26) ~[classes/:?]
	at org.springframework.boot.SpringApplication.callRunner(SpringApplication.java:795) ~[spring-boot-2.3.4.RELEASE.jar:2.3.4.RELEASE]
	... 10 more

[2020-09-22 16:11:00] ERROR org.springframework.boot.diagnostics.LoggingFailureAnalysisReporter 40 report - 

***************************
APPLICATION FAILED TO START
***************************

Description:

Failed to configure a DataSource: 'url' attribute is not specified and no embedded datasource could be configured.

Reason: Failed to determine a suitable driver class


Action:

Consider the following:
	If you want an embedded database (H2, HSQL or Derby), please put it on the classpath.
	If you have database settings to be loaded from a particular profile you may need to activate it (no profiles are currently active).

